info/daikin_bedroom/tx {"s21":true,"dump":"0246357B03"}
info/daikin_bedroom/rx {"s21":true,"dump":"024735313F30809C03"}
info/daikin_bedroom/tx {"s21":true,"dump":"0246367C03"}
info/daikin_bedroom/rx {"s21":true,"dump":"024736303030344103"}
info/daikin_bedroom/tx {"s21":true,"dump":"0246377D03"}
info/daikin_bedroom/rx {"s21":true,"dump":"02473730304A4F7703"}
info/daikin_bedroom/tx {"s21":true,"dump":"0252489A03"}
info/daikin_bedroom/rx {"s21":true,"dump":"0253483535322B6203"}
info/daikin_bedroom/tx {"s21":true,"dump":"0252499B03"}
info/daikin_bedroom/rx {"s21":true,"dump":"0253493535322B6303"}
info/daikin_bedroom/tx {"s21":true,"dump":"025261B303"}
info/daikin_bedroom/rx {"s21":true,"dump":"0253613539312B7E03"}
info/daikin_bedroom/tx {"s21":true,"dump":"02524C9E03"}
info/daikin_bedroom/rx {"s21":true,"dump":"02534C3536303A03"}
info/daikin_bedroom/tx {"s21":true,"dump":"0246317703"}
info/daikin_bedroom/rx {"s21":true,"dump":"02473131364A416A03"}
info/daikin_bedroom/tx {"s21":true,"dump":"0246357B03"}
info/daikin_bedroom/rx {"s21":true,"dump":"024735313F30809C03"}
info/daikin_bedroom/tx {"s21":true,"dump":"0246367C03"}
info/daikin_bedroom/rx {"s21":true,"dump":"024736303030344103"}
info/daikin_bedroom/tx {"s21":true,"dump":"0246377D03"}
info/daikin_bedroom/rx {"s21":true,"dump":"02473730304A4F7703"}
info/daikin_bedroom/tx {"s21":true,"dump":"0252489A03"}
info/daikin_bedroom/rx {"s21":true,"dump":"0253483535322B6203"}
info/daikin_bedroom/tx {"s21":true,"dump":"0252499B03"}
info/daikin_bedroom/rx {"s21":true,"dump":"0253493535322B6303"}
info/daikin_bedroom/tx {"s21":true,"dump":"025261B303"}
info/daikin_bedroom/rx {"s21":true,"dump":"0253613539312B7E03"}
info/daikin_bedroom/tx {"s21":true,"dump":"02524C9E03"}
info/daikin_bedroom/rx {"s21":true,"dump":"02534C3536303A03"}
info/daikin_bedroom/tx {"s21":true,"dump":"0246317703"}
info/daikin_bedroom/rx {"s21":true,"dump":"02473131364A416A03"}
info/daikin_bedroom/tx {"s21":true,"dump":"0246357B03"}
info/daikin_bedroom/rx {"s21":true,"dump":"024735313F30809C03"}
info/daikin_bedroom/tx {"s21":true,"dump":"0246367C03"}
info/daikin_bedroom/rx {"s21":true,"dump":"024736303030344103"}
info/daikin_bedroom/tx {"s21":true,"dump":"0246377D03"}
info/daikin_bedroom/rx {"s21":true,"dump":"02473730304A4F7703"}
info/daikin_bedroom/tx {"s21":true,"dump":"0252489A03"}
info/daikin_bedroom/rx {"s21":true,"dump":"0253483535322B6203"}
info/daikin_bedroom/tx {"s21":true,"dump":"0252499B03"}
info/daikin_bedroom/rx {"s21":true,"dump":"0253493535322B6303"}
info/daikin_bedroom/tx {"s21":true,"dump":"025261B303"}
info/daikin_bedroom/rx {"s21":true,"dump":"0253613539312B7E03"}
info/daikin_bedroom/tx {"s21":true,"dump":"02524C9E03"}
info/daikin_bedroom/rx {"s21":true,"dump":"02534C3536303A03"}
info/daikin_bedroom/tx {"s21":true,"dump":"0246317703"}
info/daikin_bedroom/rx {"s21":true,"dump":"02473131364A416A03"}
